pnlAddPane();
nil
1
designOpen("d:\\hspice simulation\\homework 8\\hw.sp");
"D0"
t
pnlAddCurve(1, node(D0,"A0","v(l)"), node(D0,"A0","TIME"));
nil
pnlAddCurve(1, node(D0,"A0","v(m)"), node(D0,"A0","TIME"));
nil
pnlAddCurve(1, node(D0,"A0","v(o)"), node(D0,"A0","TIME"));
nil
pnlDelCurve(1, node(D0,"A0","v(o)"), node(D0,"A0","TIME"));
nil
pnlDelCurve(1, node(D0,"A0","v(m)"), node(D0,"A0","TIME"));
nil
pnlDelCurve(1, node(D0,"A0","v(l)"), node(D0,"A0","TIME"));
nil
pnlAddCurve(1, node(D0,"A0","v(a)"), node(D0,"A0","TIME"));
nil
pnlAddCurve(1, node(D0,"A0","v(b)"), node(D0,"A0","TIME"));
nil
pnlAddCurve(1, node(D0,"A0","v(c)"), node(D0,"A0","TIME"));
nil
pnlDelCurve(1, node(D0,"A0","v(a)"), node(D0,"A0","TIME"));
nil
pnlDelCurve(1, node(D0,"A0","v(b)"), node(D0,"A0","TIME"));
nil
pnlDelCurve(1, node(D0,"A0","v(c)"), node(D0,"A0","TIME"));
nil
pnlDeletePane(1, 0);
nil
nil
pnlAddPane();
nil
1
pnlAddPane();
nil
nil
2
pnlAddPane();
nil
nil
3
pnlUnselectPane(3, 0);
nil
pnlSelectPane(1);
nil
pnlAddCurve(1, node(D0,"A0","v(a)"), node(D0,"A0","TIME"));
nil
pnlUnselectPane(1, 0);
nil
pnlSelectPane(2);
nil
pnlAddCurve(2, node(D0,"A0","v(b)"), node(D0,"A0","TIME"));
nil
pnlUnselectPane(2, 0);
nil
pnlSelectPane(3);
nil
pnlAddCurve(3, node(D0,"A0","v(c)"), node(D0,"A0","TIME"));
nil
pnlAddPane();
4
pnlAddPane();
nil
nil
5
pnlAddCurve(5, node(D0,"A0","v(os)"), node(D0,"A0","TIME"));
nil
quit();
exit
pnlDeletePane(5, 1);
nil
nil
nil
pnlDeletePane(4, 1);
nil
nil
pnlDeletePane(3, 1);
nil
nil
pnlDeletePane(2, 1);
nil
nil
pnlDeletePane(1, 1);
nil
nil
